C51 COMPILER V9.52.0.0   HC_BLUETOOTH                                                      12/16/2017 00:00:48 PAGE 1   


C51 COMPILER V9.52.0.0, COMPILATION OF MODULE HC_BLUETOOTH
OBJECT MODULE PLACED IN hc_bluetooth.OBJ
COMPILER INVOKED BY: C:\Keil\C51\BIN\C51.EXE hc_bluetooth.c BROWSE DEBUG OBJECTEXTEND

line level    source

   1          #include"hc_bluetooth.h"
   2          #include <stdio.h>
   3          #include <string.h>
   4          /*
   5           * 恢复出厂设置
   6           */
   7          void factory_reset(char * command){
   8   1              strcpy(command, "AT+DEFAULT");
   9   1      }
  10          
  11          /*
  12           * 模块重启
  13           */
  14          void mode_restart(char * command){
  15   1              strcpy(command, "AT+RESET");
  16   1      }
  17          
  18          /*
  19           *修改蓝牙名称
  20           */
  21          void change_bluetooth_name( char * command, char *name){
  22   1              sprintf(command, "AT+NAME=%s",name);
  23   1      }
  24          
  25          /*
  26           *
  27           * 获取当前蓝牙名称
  28           */
  29          void get_bluetooth_name(char *command){
  30   1              strcpy(command, "AT+NAME=?");
  31   1      }
  32          
  33          /*
  34           *清除已连接蓝牙设备
  35           */
  36          void clear_host(char *command){
  37   1              strcpy(command, "AT+CLEAR");
  38   1      }
  39          
  40          /*
  41           *设置LED开关，模块复位后才生效
  42           */
  43          void set_led_openorclose(char *command, int mode){
  44   1              sprintf(command, "AT+LED=%d",mode);
  45   1      }
  46          
  47          
  48          
  49          
  50          
  51          
  52          
  53          
  54          
  55          
C51 COMPILER V9.52.0.0   HC_BLUETOOTH                                                      12/16/2017 00:00:48 PAGE 2   



MODULE INFORMATION:   STATIC OVERLAYABLE
   CODE SIZE        =    121    ----
   CONSTANT SIZE    =     60    ----
   XDATA SIZE       =   ----    ----
   PDATA SIZE       =   ----    ----
   DATA SIZE        =   ----      18
   IDATA SIZE       =   ----    ----
   BIT SIZE         =   ----    ----
END OF MODULE INFORMATION.


C51 COMPILATION COMPLETE.  0 WARNING(S),  0 ERROR(S)
